<?xml version="1.0" encoding="UTF-8"?>
<!-- Generated by org.testng.reporters.JUnitReportReporter -->
<testsuite hostname="SHARAB" failures="0" tests="4" name="com.example.JSexecutor" time="13.107" errors="0" timestamp="2024-12-25T17:21:22 IST" skipped="0">
  <testcase classname="com.example.JSexecutor" name="printLinks" time="0.406"/>
  <system-out/>
  <testcase classname="com.example.JSexecutor" name="launch" time="5.427"/>
  <system-out/>
  <testcase classname="com.example.JSexecutor" name="login" time="2.289"/>
  <system-out/>
  <testcase classname="com.example.JSexecutor" name="courses" time="4.985"/>
  <system-out/>
</testsuite> <!-- com.example.JSexecutor -->
