<?xml version="1.0" encoding="UTF-8"?>
<!-- Generated by org.testng.reporters.JUnitReportReporter -->
<testsuite hostname="SHARAB" failures="0" tests="2" name="com.example.Firstsel" time="9.077" errors="0" timestamp="2024-12-25T17:21:22 IST" skipped="0">
  <testcase classname="com.example.Firstsel" name="login" time="3.122"/>
  <system-out/>
  <testcase classname="com.example.Firstsel" name="launchApp" time="5.955"/>
  <system-out/>
</testsuite> <!-- com.example.Firstsel -->
