<?xml version="1.0" encoding="UTF-8"?>
<!-- Generated by org.testng.reporters.JUnitReportReporter -->
<testsuite hostname="SHARAB" failures="0" tests="3" name="com.example.JSexecutor" time="6.047" errors="0" timestamp="2024-12-27T01:12:00 IST" skipped="0">
  <testcase classname="com.example.JSexecutor" name="printLinks" time="0.252"/>
  <system-out/>
  <testcase classname="com.example.JSexecutor" name="login1" time="2.093"/>
  <system-out/>
  <testcase classname="com.example.JSexecutor" name="courses" time="3.702"/>
  <system-out/>
</testsuite> <!-- com.example.JSexecutor -->
