<?xml version="1.0" encoding="UTF-8"?>
<!-- Generated by org.testng.reporters.JUnitReportReporter -->
<testsuite hostname="SHARAB" failures="0" tests="4" name="com.example.JSexecutor" time="11.605" errors="0" timestamp="2024-12-26T12:05:19 IST" skipped="0">
  <testcase classname="com.example.JSexecutor" name="launch" time="4.279"/>
  <system-out/>
  <testcase classname="com.example.JSexecutor" name="courses" time="4.730"/>
  <system-out/>
  <testcase classname="com.example.JSexecutor" name="printLinks" time="0.548"/>
  <system-out/>
  <testcase classname="com.example.JSexecutor" name="login" time="2.048"/>
  <system-out/>
</testsuite> <!-- com.example.JSexecutor -->
