<?xml version="1.0" encoding="UTF-8"?>
<!-- Generated by org.testng.reporters.JUnitReportReporter -->
<testsuite hostname="SHARAB" failures="0" tests="2" name="com.example.Firstsel" time="8.979" errors="0" timestamp="2024-12-26T12:05:19 IST" skipped="0">
  <testcase classname="com.example.Firstsel" name="launchApp" time="5.540"/>
  <system-out/>
  <testcase classname="com.example.Firstsel" name="login" time="3.439"/>
  <system-out/>
</testsuite> <!-- com.example.Firstsel -->
